<?xml version="1.0" encoding="UTF-8"?>
<!-- Generated by org.testng.reporters.JUnitXMLReporter -->
<testsuite hostname="MIRHUQUE74C0" ignored="0" name="Sauce Demo" tests="4" failures="0" timestamp="11 Dec 2021 04:20:49 GMT" time="31.21" errors="0">
  <testcase name="runScenario" time="7.471" classname="io.cucumber.testng.AbstractTestNGCucumberTests"/>
  <testcase name="runScenario" time="8.641" classname="io.cucumber.testng.AbstractTestNGCucumberTests"/>
  <testcase name="runScenario" time="6.364" classname="io.cucumber.testng.AbstractTestNGCucumberTests"/>
  <testcase name="runScenario" time="7.769" classname="io.cucumber.testng.AbstractTestNGCucumberTests"/>
</testsuite> <!-- Sauce Demo -->
