<?xml version="1.0" encoding="UTF-8"?>
<!-- Generated by org.testng.reporters.JUnitXMLReporter -->
<testsuite hostname="MIRHUQUE74C0" ignored="0" name="Sauce Demo" tests="4" failures="0" timestamp="11 Dec 2021 04:34:54 GMT" time="27.247" errors="0">
  <testcase name="runScenario" time="6.693" classname="io.cucumber.testng.AbstractTestNGCucumberTests"/>
  <testcase name="runScenario" time="6.332" classname="io.cucumber.testng.AbstractTestNGCucumberTests"/>
  <testcase name="runScenario" time="6.13" classname="io.cucumber.testng.AbstractTestNGCucumberTests"/>
  <testcase name="runScenario" time="7.256" classname="io.cucumber.testng.AbstractTestNGCucumberTests"/>
</testsuite> <!-- Sauce Demo -->
